[1.257s] Invoking command in '/f1tenth_ws/build/ackermann_mux': CMAKE_PREFIX_PATH=/opt/ros/foxy /usr/bin/cmake /f1tenth_ws/src/f1tenth_system/ackermann_mux -DCMAKE_INSTALL_PREFIX=/f1tenth_ws/install/ackermann_mux
[1.765s] -- The C compiler identification is GNU 8.4.0
[2.075s] -- The CXX compiler identification is GNU 8.4.0
[2.123s] -- Check for working C compiler: /usr/bin/cc
[2.495s] -- Check for working C compiler: /usr/bin/cc -- works
[2.501s] -- Detecting C compiler ABI info
[2.808s] -- Detecting C compiler ABI info - done
[2.870s] -- Detecting C compile features
[2.871s] -- Detecting C compile features - done
[2.887s] -- Check for working CXX compiler: /usr/bin/c++
[3.251s] -- Check for working CXX compiler: /usr/bin/c++ -- works
[3.254s] -- Detecting CXX compiler ABI info
[3.718s] -- Detecting CXX compiler ABI info - done
[3.768s] -- Detecting CXX compile features
[3.770s] -- Detecting CXX compile features - done
[3.815s] -- Found ament_cmake: 0.9.12 (/opt/ros/foxy/share/ament_cmake/cmake)
[3.968s] -- Found PythonInterp: /usr/bin/python3 (found suitable version "3.8.10", minimum required is "3") 
[3.972s] -- Using PYTHON_EXECUTABLE: /usr/bin/python3
[5.193s] -- Found rclcpp: 2.4.3 (/opt/ros/foxy/share/rclcpp/cmake)
[5.675s] -- Using all available rosidl_typesupport_c: rosidl_typesupport_fastrtps_c;rosidl_typesupport_introspection_c
[5.743s] -- Found rosidl_adapter: 1.3.1 (/opt/ros/foxy/share/rosidl_adapter/cmake)
[6.437s] -- Found OpenSSL: /usr/lib/aarch64-linux-gnu/libcrypto.so (found version "1.1.1f")  
[6.667s] -- Found FastRTPS: /opt/ros/foxy/include  
[7.460s] -- Using all available rosidl_typesupport_cpp: rosidl_typesupport_fastrtps_cpp;rosidl_typesupport_introspection_cpp
[7.957s] -- Found rmw_implementation_cmake: 1.0.4 (/opt/ros/foxy/share/rmw_implementation_cmake/cmake)
[7.978s] -- Using RMW implementation 'rmw_fastrtps_cpp' as default
[7.995s] -- Looking for pthread.h
[8.416s] -- Looking for pthread.h - found
[8.417s] -- Performing Test CMAKE_HAVE_LIBC_PTHREAD
[8.830s] -- Performing Test CMAKE_HAVE_LIBC_PTHREAD - Failed
[8.832s] -- Looking for pthread_create in pthreads
[9.165s] -- Looking for pthread_create in pthreads - not found
[9.166s] -- Looking for pthread_create in pthread
[9.518s] -- Looking for pthread_create in pthread - found
[9.521s] -- Found Threads: TRUE  
[10.415s] -- Found ackermann_msgs: 2.0.2 (/opt/ros/foxy/share/ackermann_msgs/cmake)
[10.583s] -- Found diagnostic_updater: 3.1.2 (/opt/ros/foxy/share/diagnostic_updater/cmake)
[10.910s] -- Found ament_lint_auto: 0.9.8 (/opt/ros/foxy/share/ament_lint_auto/cmake)
[11.763s] -- Found python_cmake_module: 0.8.1 (/opt/ros/foxy/share/python_cmake_module/cmake)
[11.855s] -- Found PythonInterp: /usr/bin/python3 (found suitable version "3.8.10", minimum required is "3.5") 
[11.891s] -- Found PythonLibs: /usr/lib/aarch64-linux-gnu/libpython3.8.so (found suitable version "3.8.10", minimum required is "3.5") 
[11.892s] -- Using PYTHON_EXECUTABLE: /usr/bin/python3
[11.892s] -- Using PYTHON_INCLUDE_DIRS: /usr/include/python3.8
[11.893s] -- Using PYTHON_LIBRARIES: /usr/lib/aarch64-linux-gnu/libpython3.8.so
[12.117s] -- Found PythonExtra: .so  
[12.296s] -- Added test 'xmllint' to check XML markup files
[12.297s] -- Added test 'copyright' to check source files copyright and LICENSE
[12.306s] -- Added test 'cppcheck' to perform static code analysis on C / C++ code
[12.308s] -- Configured cppcheck include dirs: /f1tenth_ws/src/f1tenth_system/ackermann_mux/include
[12.308s] -- Configured cppcheck exclude dirs and/or files: 
[12.315s] -- Added test 'cpplint' to check C / C++ code against the Google style
[12.316s] -- Configured cpplint exclude dirs and/or files: 
[12.323s] -- Added test 'flake8' to check Python code syntax and style conventions
[12.326s] -- Added test 'lint_cmake' to check CMake code style
[12.329s] -- Added test 'pep257' to check Python code against some of the style conventions in PEP 257
[12.336s] -- Added test 'uncrustify' to check C / C++ code style
[12.337s] -- Configured uncrustify additional arguments: 
[12.356s] -- Configuring done
[12.409s] -- Generating done
[12.414s] -- Build files have been written to: /f1tenth_ws/build/ackermann_mux
[12.463s] Invoked command in '/f1tenth_ws/build/ackermann_mux' returned '0': CMAKE_PREFIX_PATH=/opt/ros/foxy /usr/bin/cmake /f1tenth_ws/src/f1tenth_system/ackermann_mux -DCMAKE_INSTALL_PREFIX=/f1tenth_ws/install/ackermann_mux
[12.466s] Invoking command in '/f1tenth_ws/build/ackermann_mux': CMAKE_PREFIX_PATH=/opt/ros/foxy /usr/bin/cmake --build /f1tenth_ws/build/ackermann_mux -- -j4 -l4
[12.714s] [35m[1mScanning dependencies of target ackermann_mux[0m
[13.221s] [ 25%] [32mBuilding CXX object CMakeFiles/ackermann_mux.dir/src/ackermann_mux.cpp.o[0m
[13.282s] [ 50%] [32mBuilding CXX object CMakeFiles/ackermann_mux.dir/src/ackermann_mux_node.cpp.o[0m
[13.300s] [ 75%] [32mBuilding CXX object CMakeFiles/ackermann_mux.dir/src/ackermann_mux_diagnostics.cpp.o[0m
[55.123s] [100%] [32m[1mLinking CXX executable ackermann_mux[0m
[57.001s] [100%] Built target ackermann_mux
[57.052s] Invoked command in '/f1tenth_ws/build/ackermann_mux' returned '0': CMAKE_PREFIX_PATH=/opt/ros/foxy /usr/bin/cmake --build /f1tenth_ws/build/ackermann_mux -- -j4 -l4
[57.697s] Invoking command in '/f1tenth_ws/build/ackermann_mux': CMAKE_PREFIX_PATH=/opt/ros/foxy /usr/bin/cmake --install /f1tenth_ws/build/ackermann_mux
[57.743s] -- Install configuration: ""
[57.744s] -- Installing: /f1tenth_ws/install/ackermann_mux/lib/ackermann_mux/ackermann_mux
[57.766s] -- Set runtime path of "/f1tenth_ws/install/ackermann_mux/lib/ackermann_mux/ackermann_mux" to ""
[57.784s] -- Installing: /f1tenth_ws/install/ackermann_mux/share/ackermann_mux/launch
[57.785s] -- Installing: /f1tenth_ws/install/ackermann_mux/share/ackermann_mux/launch/ackermann_mux_launch.py
[57.785s] -- Installing: /f1tenth_ws/install/ackermann_mux/share/ackermann_mux/config
[57.786s] -- Installing: /f1tenth_ws/install/ackermann_mux/share/ackermann_mux/config/ackermann_mux_locks.yaml
[57.786s] -- Installing: /f1tenth_ws/install/ackermann_mux/share/ackermann_mux/config/joystick.yaml
[57.786s] -- Installing: /f1tenth_ws/install/ackermann_mux/share/ackermann_mux/config/ackermann_mux_topics.yaml
[57.787s] -- Installing: /f1tenth_ws/install/ackermann_mux/include
[57.787s] -- Installing: /f1tenth_ws/install/ackermann_mux/include/ackermann_mux
[57.788s] -- Installing: /f1tenth_ws/install/ackermann_mux/include/ackermann_mux/ackermann_mux.hpp
[57.790s] -- Installing: /f1tenth_ws/install/ackermann_mux/include/ackermann_mux/utils.hpp
[57.792s] -- Installing: /f1tenth_ws/install/ackermann_mux/include/ackermann_mux/params_helpers.hpp
[57.793s] -- Installing: /f1tenth_ws/install/ackermann_mux/include/ackermann_mux/ackermann_mux_diagnostics.hpp
[57.796s] -- Installing: /f1tenth_ws/install/ackermann_mux/include/ackermann_mux/topic_handle.hpp
[57.800s] -- Installing: /f1tenth_ws/install/ackermann_mux/include/ackermann_mux/ackermann_mux_diagnostics_status.hpp
[57.802s] -- Installing: /f1tenth_ws/install/ackermann_mux/share/ament_index/resource_index/package_run_dependencies/ackermann_mux
[57.805s] -- Installing: /f1tenth_ws/install/ackermann_mux/share/ament_index/resource_index/parent_prefix_path/ackermann_mux
[57.806s] -- Installing: /f1tenth_ws/install/ackermann_mux/share/ackermann_mux/environment/ament_prefix_path.sh
[57.807s] -- Installing: /f1tenth_ws/install/ackermann_mux/share/ackermann_mux/environment/ament_prefix_path.dsv
[57.807s] -- Installing: /f1tenth_ws/install/ackermann_mux/share/ackermann_mux/environment/path.sh
[57.809s] -- Installing: /f1tenth_ws/install/ackermann_mux/share/ackermann_mux/environment/path.dsv
[57.810s] -- Installing: /f1tenth_ws/install/ackermann_mux/share/ackermann_mux/local_setup.bash
[57.812s] -- Installing: /f1tenth_ws/install/ackermann_mux/share/ackermann_mux/local_setup.sh
[57.813s] -- Installing: /f1tenth_ws/install/ackermann_mux/share/ackermann_mux/local_setup.zsh
[57.814s] -- Installing: /f1tenth_ws/install/ackermann_mux/share/ackermann_mux/local_setup.dsv
[57.816s] -- Installing: /f1tenth_ws/install/ackermann_mux/share/ackermann_mux/package.dsv
[57.816s] -- Installing: /f1tenth_ws/install/ackermann_mux/share/ament_index/resource_index/packages/ackermann_mux
[57.817s] -- Installing: /f1tenth_ws/install/ackermann_mux/share/ackermann_mux/cmake/ament_cmake_export_include_directories-extras.cmake
[57.817s] -- Installing: /f1tenth_ws/install/ackermann_mux/share/ackermann_mux/cmake/ament_cmake_export_dependencies-extras.cmake
[57.817s] -- Installing: /f1tenth_ws/install/ackermann_mux/share/ackermann_mux/cmake/ackermann_muxConfig.cmake
[57.818s] -- Installing: /f1tenth_ws/install/ackermann_mux/share/ackermann_mux/cmake/ackermann_muxConfig-version.cmake
[57.818s] -- Installing: /f1tenth_ws/install/ackermann_mux/share/ackermann_mux/package.xml
[58.539s] Invoked command in '/f1tenth_ws/build/ackermann_mux' returned '0': CMAKE_PREFIX_PATH=/opt/ros/foxy /usr/bin/cmake --install /f1tenth_ws/build/ackermann_mux
