[0.515s] Invoking command in '/f1tenth_ws/build/vesc_driver': AMENT_PREFIX_PATH=/f1tenth_ws/install/vesc_msgs:${AMENT_PREFIX_PATH} CMAKE_PREFIX_PATH=/f1tenth_ws/install/vesc_msgs:/opt/ros/foxy LD_LIBRARY_PATH=/f1tenth_ws/install/vesc_msgs/lib:/opt/ros/foxy/opt/yaml_cpp_vendor/lib:/opt/ros/foxy/opt/rviz_ogre_vendor/lib:/opt/ros/foxy/lib/aarch64-linux-gnu:/opt/ros/foxy/lib:/usr/local/cuda-10.2/targets/aarch64-linux/lib PYTHONPATH=/f1tenth_ws/install/vesc_msgs/lib/python3.8/site-packages:${PYTHONPATH} /usr/bin/cmake /f1tenth_ws/src/f1tenth_system/vesc/vesc_driver -DCMAKE_INSTALL_PREFIX=/f1tenth_ws/install/vesc_driver
[0.738s] -- The C compiler identification is GNU 8.4.0
[0.937s] -- The CXX compiler identification is GNU 8.4.0
[0.954s] -- Check for working C compiler: /usr/bin/cc
[1.221s] -- Check for working C compiler: /usr/bin/cc -- works
[1.226s] -- Detecting C compiler ABI info
[1.483s] -- Detecting C compiler ABI info - done
[1.523s] -- Detecting C compile features
[1.525s] -- Detecting C compile features - done
[1.551s] -- Check for working CXX compiler: /usr/bin/c++
[1.839s] -- Check for working CXX compiler: /usr/bin/c++ -- works
[1.843s] -- Detecting CXX compiler ABI info
[2.194s] -- Detecting CXX compiler ABI info - done
[2.245s] -- Detecting CXX compile features
[2.247s] -- Detecting CXX compile features - done
[2.282s] -- Found ament_cmake_auto: 0.9.12 (/opt/ros/foxy/share/ament_cmake_auto/cmake)
[2.431s] -- Found PythonInterp: /usr/bin/python3 (found suitable version "3.8.10", minimum required is "3") 
[2.432s] -- Using PYTHON_EXECUTABLE: /usr/bin/python3
[4.011s] -- Using all available rosidl_typesupport_c: rosidl_typesupport_fastrtps_c;rosidl_typesupport_introspection_c
[4.063s] -- Found rosidl_adapter: 1.3.1 (/opt/ros/foxy/share/rosidl_adapter/cmake)
[4.468s] -- Found OpenSSL: /usr/lib/aarch64-linux-gnu/libcrypto.so (found version "1.1.1f")  
[4.664s] -- Found FastRTPS: /opt/ros/foxy/include  
[5.141s] -- Using all available rosidl_typesupport_cpp: rosidl_typesupport_fastrtps_cpp;rosidl_typesupport_introspection_cpp
[5.415s] -- Found rmw_implementation_cmake: 1.0.4 (/opt/ros/foxy/share/rmw_implementation_cmake/cmake)
[5.420s] -- Using RMW implementation 'rmw_fastrtps_cpp' as default
[5.424s] -- Looking for pthread.h
[5.700s] -- Looking for pthread.h - found
[5.701s] -- Performing Test CMAKE_HAVE_LIBC_PTHREAD
[5.954s] -- Performing Test CMAKE_HAVE_LIBC_PTHREAD - Failed
[5.955s] -- Looking for pthread_create in pthreads
[6.151s] -- Looking for pthread_create in pthreads - not found
[6.151s] -- Looking for pthread_create in pthread
[6.401s] -- Looking for pthread_create in pthread - found
[6.405s] -- Found Threads: TRUE  
[9.789s] -- Found ament_lint_auto: 0.9.8 (/opt/ros/foxy/share/ament_lint_auto/cmake)
[9.968s] -- Added test 'copyright' to check source files copyright and LICENSE
[9.971s] -- Added test 'cppcheck' to perform static code analysis on C / C++ code
[9.972s] -- Configured cppcheck include dirs: /f1tenth_ws/src/f1tenth_system/vesc/vesc_driver/include
[9.973s] -- Configured cppcheck exclude dirs and/or files: 
[9.973s] -- Added test 'cpplint' to check C / C++ code against the Google style
[9.974s] -- Configured cpplint exclude dirs and/or files: 
[9.975s] -- Added test 'flake8' to check Python code syntax and style conventions
[9.976s] -- Added test 'lint_cmake' to check CMake code style
[9.978s] -- Added test 'pep257' to check Python code against some of the style conventions in PEP 257
[9.985s] -- Added test 'uncrustify' to check C / C++ code style
[9.986s] -- Configured uncrustify additional arguments: 
[9.987s] -- Added test 'xmllint' to check XML markup files
[10.008s] -- Configuring done
[10.246s] -- Generating done
[10.254s] -- Build files have been written to: /f1tenth_ws/build/vesc_driver
[10.314s] Invoked command in '/f1tenth_ws/build/vesc_driver' returned '0': AMENT_PREFIX_PATH=/f1tenth_ws/install/vesc_msgs:${AMENT_PREFIX_PATH} CMAKE_PREFIX_PATH=/f1tenth_ws/install/vesc_msgs:/opt/ros/foxy LD_LIBRARY_PATH=/f1tenth_ws/install/vesc_msgs/lib:/opt/ros/foxy/opt/yaml_cpp_vendor/lib:/opt/ros/foxy/opt/rviz_ogre_vendor/lib:/opt/ros/foxy/lib/aarch64-linux-gnu:/opt/ros/foxy/lib:/usr/local/cuda-10.2/targets/aarch64-linux/lib PYTHONPATH=/f1tenth_ws/install/vesc_msgs/lib/python3.8/site-packages:${PYTHONPATH} /usr/bin/cmake /f1tenth_ws/src/f1tenth_system/vesc/vesc_driver -DCMAKE_INSTALL_PREFIX=/f1tenth_ws/install/vesc_driver
[10.323s] Invoking command in '/f1tenth_ws/build/vesc_driver': AMENT_PREFIX_PATH=/f1tenth_ws/install/vesc_msgs:${AMENT_PREFIX_PATH} CMAKE_PREFIX_PATH=/f1tenth_ws/install/vesc_msgs:/opt/ros/foxy LD_LIBRARY_PATH=/f1tenth_ws/install/vesc_msgs/lib:/opt/ros/foxy/opt/yaml_cpp_vendor/lib:/opt/ros/foxy/opt/rviz_ogre_vendor/lib:/opt/ros/foxy/lib/aarch64-linux-gnu:/opt/ros/foxy/lib:/usr/local/cuda-10.2/targets/aarch64-linux/lib PYTHONPATH=/f1tenth_ws/install/vesc_msgs/lib/python3.8/site-packages:${PYTHONPATH} /usr/bin/cmake --build /f1tenth_ws/build/vesc_driver -- -j4 -l4
[10.505s] [35m[1mScanning dependencies of target vesc_driver[0m
[10.717s] [ 10%] [32mBuilding CXX object CMakeFiles/vesc_driver.dir/src/vesc_driver.cpp.o[0m
[35.403s] [ 20%] [32mBuilding CXX object CMakeFiles/vesc_driver.dir/src/vesc_packet.cpp.o[0m
[37.782s] [ 30%] [32mBuilding CXX object CMakeFiles/vesc_driver.dir/src/vesc_packet_factory.cpp.o[0m
[39.643s] [ 40%] [32mBuilding CXX object CMakeFiles/vesc_driver.dir/src/vesc_interface.cpp.o[0m
[46.373s] [ 50%] [32m[1mLinking CXX shared library libvesc_driver.so[0m
[48.548s] [ 50%] Built target vesc_driver
[48.597s] [35m[1mScanning dependencies of target vesc_driver_node[0m
[48.738s] [ 60%] [32mBuilding CXX object CMakeFiles/vesc_driver_node.dir/rclcpp_components/node_main_vesc_driver_node.cpp.o[0m
[56.110s] [ 70%] [32m[1mLinking CXX executable vesc_driver_node[0m
[56.677s] [ 70%] Built target vesc_driver_node
[56.715s] [35m[1mScanning dependencies of target vesc_device_namer[0m
[56.759s] [ 80%] [32mBuilding CXX object CMakeFiles/vesc_device_namer.dir/src/vesc_device_namer.cpp.o[0m
[58.249s] [ 90%] [32mBuilding CXX object CMakeFiles/vesc_device_namer.dir/src/vesc_device_uuid_lookup.cpp.o[0m
[60.333s] [100%] [32m[1mLinking CXX executable vesc_device_namer[0m
[61.593s] [100%] Built target vesc_device_namer
[61.632s] Invoked command in '/f1tenth_ws/build/vesc_driver' returned '0': AMENT_PREFIX_PATH=/f1tenth_ws/install/vesc_msgs:${AMENT_PREFIX_PATH} CMAKE_PREFIX_PATH=/f1tenth_ws/install/vesc_msgs:/opt/ros/foxy LD_LIBRARY_PATH=/f1tenth_ws/install/vesc_msgs/lib:/opt/ros/foxy/opt/yaml_cpp_vendor/lib:/opt/ros/foxy/opt/rviz_ogre_vendor/lib:/opt/ros/foxy/lib/aarch64-linux-gnu:/opt/ros/foxy/lib:/usr/local/cuda-10.2/targets/aarch64-linux/lib PYTHONPATH=/f1tenth_ws/install/vesc_msgs/lib/python3.8/site-packages:${PYTHONPATH} /usr/bin/cmake --build /f1tenth_ws/build/vesc_driver -- -j4 -l4
[61.786s] Invoking command in '/f1tenth_ws/build/vesc_driver': AMENT_PREFIX_PATH=/f1tenth_ws/install/vesc_msgs:${AMENT_PREFIX_PATH} CMAKE_PREFIX_PATH=/f1tenth_ws/install/vesc_msgs:/opt/ros/foxy LD_LIBRARY_PATH=/f1tenth_ws/install/vesc_msgs/lib:/opt/ros/foxy/opt/yaml_cpp_vendor/lib:/opt/ros/foxy/opt/rviz_ogre_vendor/lib:/opt/ros/foxy/lib/aarch64-linux-gnu:/opt/ros/foxy/lib:/usr/local/cuda-10.2/targets/aarch64-linux/lib PYTHONPATH=/f1tenth_ws/install/vesc_msgs/lib/python3.8/site-packages:${PYTHONPATH} /usr/bin/cmake --install /f1tenth_ws/build/vesc_driver
[61.830s] -- Install configuration: ""
[61.831s] -- Installing: /f1tenth_ws/install/vesc_driver/lib/vesc_driver/vesc_driver_node
[61.833s] -- Set runtime path of "/f1tenth_ws/install/vesc_driver/lib/vesc_driver/vesc_driver_node" to ""
[61.834s] -- Installing: /f1tenth_ws/install/vesc_driver/include
[61.835s] -- Installing: /f1tenth_ws/install/vesc_driver/include/vesc_driver
[61.835s] -- Installing: /f1tenth_ws/install/vesc_driver/include/vesc_driver/vesc_interface.hpp
[61.836s] -- Installing: /f1tenth_ws/install/vesc_driver/include/vesc_driver/crc.hpp
[61.836s] -- Installing: /f1tenth_ws/install/vesc_driver/include/vesc_driver/vesc_packet_factory.hpp
[61.837s] -- Installing: /f1tenth_ws/install/vesc_driver/include/vesc_driver/vesc_packet.hpp
[61.837s] -- Installing: /f1tenth_ws/install/vesc_driver/include/vesc_driver/vesc_driver.hpp
[61.840s] -- Installing: /f1tenth_ws/install/vesc_driver/include/vesc_driver/datatypes.hpp
[61.841s] -- Installing: /f1tenth_ws/install/vesc_driver/include/vesc_driver/vesc_device_uuid_lookup.hpp
[61.842s] -- Installing: /f1tenth_ws/install/vesc_driver/share/vesc_driver/environment/library_path.sh
[61.842s] -- Installing: /f1tenth_ws/install/vesc_driver/share/vesc_driver/environment/library_path.dsv
[61.844s] -- Installing: /f1tenth_ws/install/vesc_driver/lib/libvesc_driver.so
[61.869s] -- Set runtime path of "/f1tenth_ws/install/vesc_driver/lib/libvesc_driver.so" to ""
[61.870s] -- Installing: /f1tenth_ws/install/vesc_driver/lib/vesc_driver/vesc_device_namer
[61.872s] -- Set runtime path of "/f1tenth_ws/install/vesc_driver/lib/vesc_driver/vesc_device_namer" to ""
[61.872s] -- Installing: /f1tenth_ws/install/vesc_driver/share/vesc_driver/launch
[61.873s] -- Installing: /f1tenth_ws/install/vesc_driver/share/vesc_driver/launch/vesc_driver_node.launch.py
[61.874s] -- Installing: /f1tenth_ws/install/vesc_driver/share/vesc_driver/params
[61.878s] -- Installing: /f1tenth_ws/install/vesc_driver/share/vesc_driver/params/vesc_config.yaml
[61.885s] -- Installing: /f1tenth_ws/install/vesc_driver/share/ament_index/resource_index/package_run_dependencies/vesc_driver
[61.887s] -- Installing: /f1tenth_ws/install/vesc_driver/share/ament_index/resource_index/parent_prefix_path/vesc_driver
[61.888s] -- Installing: /f1tenth_ws/install/vesc_driver/share/vesc_driver/environment/ament_prefix_path.sh
[61.894s] -- Installing: /f1tenth_ws/install/vesc_driver/share/vesc_driver/environment/ament_prefix_path.dsv
[61.895s] -- Installing: /f1tenth_ws/install/vesc_driver/share/vesc_driver/environment/path.sh
[61.897s] -- Installing: /f1tenth_ws/install/vesc_driver/share/vesc_driver/environment/path.dsv
[61.898s] -- Installing: /f1tenth_ws/install/vesc_driver/share/vesc_driver/local_setup.bash
[61.899s] -- Installing: /f1tenth_ws/install/vesc_driver/share/vesc_driver/local_setup.sh
[61.901s] -- Installing: /f1tenth_ws/install/vesc_driver/share/vesc_driver/local_setup.zsh
[61.902s] -- Installing: /f1tenth_ws/install/vesc_driver/share/vesc_driver/local_setup.dsv
[61.902s] -- Installing: /f1tenth_ws/install/vesc_driver/share/vesc_driver/package.dsv
[61.903s] -- Installing: /f1tenth_ws/install/vesc_driver/share/ament_index/resource_index/packages/vesc_driver
[61.903s] -- Installing: /f1tenth_ws/install/vesc_driver/share/ament_index/resource_index/rclcpp_components/vesc_driver
[61.904s] -- Installing: /f1tenth_ws/install/vesc_driver/share/vesc_driver/cmake/ament_cmake_export_dependencies-extras.cmake
[61.905s] -- Installing: /f1tenth_ws/install/vesc_driver/share/vesc_driver/cmake/ament_cmake_export_include_directories-extras.cmake
[61.906s] -- Installing: /f1tenth_ws/install/vesc_driver/share/vesc_driver/cmake/ament_cmake_export_libraries-extras.cmake
[61.907s] -- Installing: /f1tenth_ws/install/vesc_driver/share/vesc_driver/cmake/vesc_driverConfig.cmake
[61.907s] -- Installing: /f1tenth_ws/install/vesc_driver/share/vesc_driver/cmake/vesc_driverConfig-version.cmake
[61.908s] -- Installing: /f1tenth_ws/install/vesc_driver/share/vesc_driver/package.xml
[61.909s] Invoked command in '/f1tenth_ws/build/vesc_driver' returned '0': AMENT_PREFIX_PATH=/f1tenth_ws/install/vesc_msgs:${AMENT_PREFIX_PATH} CMAKE_PREFIX_PATH=/f1tenth_ws/install/vesc_msgs:/opt/ros/foxy LD_LIBRARY_PATH=/f1tenth_ws/install/vesc_msgs/lib:/opt/ros/foxy/opt/yaml_cpp_vendor/lib:/opt/ros/foxy/opt/rviz_ogre_vendor/lib:/opt/ros/foxy/lib/aarch64-linux-gnu:/opt/ros/foxy/lib:/usr/local/cuda-10.2/targets/aarch64-linux/lib PYTHONPATH=/f1tenth_ws/install/vesc_msgs/lib/python3.8/site-packages:${PYTHONPATH} /usr/bin/cmake --install /f1tenth_ws/build/vesc_driver
