[0.691s] Invoking command in '/f1tenth_ws/build/teleop_tools': AMENT_PREFIX_PATH=/f1tenth_ws/install/joy_teleop:/f1tenth_ws/install/teleop_tools_msgs:/f1tenth_ws/install/key_teleop:${AMENT_PREFIX_PATH} CMAKE_PREFIX_PATH=/f1tenth_ws/install/teleop_tools_msgs:/opt/ros/foxy LD_LIBRARY_PATH=/f1tenth_ws/install/teleop_tools_msgs/lib:/opt/ros/foxy/opt/yaml_cpp_vendor/lib:/opt/ros/foxy/opt/rviz_ogre_vendor/lib:/opt/ros/foxy/lib/aarch64-linux-gnu:/opt/ros/foxy/lib:/usr/local/cuda-10.2/targets/aarch64-linux/lib PYTHONPATH=/f1tenth_ws/install/joy_teleop/lib/python3.8/site-packages:/f1tenth_ws/install/teleop_tools_msgs/lib/python3.8/site-packages:/f1tenth_ws/install/key_teleop/lib/python3.8/site-packages:${PYTHONPATH} /usr/bin/cmake /f1tenth_ws/src/f1tenth_system/teleop_tools/teleop_tools -DCMAKE_INSTALL_PREFIX=/f1tenth_ws/install/teleop_tools
[0.844s] -- Found ament_cmake: 0.9.12 (/opt/ros/foxy/share/ament_cmake/cmake)
[0.977s] -- Found PythonInterp: /usr/bin/python3 (found suitable version "3.8.10", minimum required is "3") 
[0.977s] -- Using PYTHON_EXECUTABLE: /usr/bin/python3
[2.548s] -- Configuring done
[2.557s] -- Generating done
[2.559s] -- Build files have been written to: /f1tenth_ws/build/teleop_tools
[2.577s] Invoked command in '/f1tenth_ws/build/teleop_tools' returned '0': AMENT_PREFIX_PATH=/f1tenth_ws/install/joy_teleop:/f1tenth_ws/install/teleop_tools_msgs:/f1tenth_ws/install/key_teleop:${AMENT_PREFIX_PATH} CMAKE_PREFIX_PATH=/f1tenth_ws/install/teleop_tools_msgs:/opt/ros/foxy LD_LIBRARY_PATH=/f1tenth_ws/install/teleop_tools_msgs/lib:/opt/ros/foxy/opt/yaml_cpp_vendor/lib:/opt/ros/foxy/opt/rviz_ogre_vendor/lib:/opt/ros/foxy/lib/aarch64-linux-gnu:/opt/ros/foxy/lib:/usr/local/cuda-10.2/targets/aarch64-linux/lib PYTHONPATH=/f1tenth_ws/install/joy_teleop/lib/python3.8/site-packages:/f1tenth_ws/install/teleop_tools_msgs/lib/python3.8/site-packages:/f1tenth_ws/install/key_teleop/lib/python3.8/site-packages:${PYTHONPATH} /usr/bin/cmake /f1tenth_ws/src/f1tenth_system/teleop_tools/teleop_tools -DCMAKE_INSTALL_PREFIX=/f1tenth_ws/install/teleop_tools
[2.581s] Invoking command in '/f1tenth_ws/build/teleop_tools': AMENT_PREFIX_PATH=/f1tenth_ws/install/joy_teleop:/f1tenth_ws/install/teleop_tools_msgs:/f1tenth_ws/install/key_teleop:${AMENT_PREFIX_PATH} CMAKE_PREFIX_PATH=/f1tenth_ws/install/teleop_tools_msgs:/opt/ros/foxy LD_LIBRARY_PATH=/f1tenth_ws/install/teleop_tools_msgs/lib:/opt/ros/foxy/opt/yaml_cpp_vendor/lib:/opt/ros/foxy/opt/rviz_ogre_vendor/lib:/opt/ros/foxy/lib/aarch64-linux-gnu:/opt/ros/foxy/lib:/usr/local/cuda-10.2/targets/aarch64-linux/lib PYTHONPATH=/f1tenth_ws/install/joy_teleop/lib/python3.8/site-packages:/f1tenth_ws/install/teleop_tools_msgs/lib/python3.8/site-packages:/f1tenth_ws/install/key_teleop/lib/python3.8/site-packages:${PYTHONPATH} /usr/bin/cmake --build /f1tenth_ws/build/teleop_tools -- -j4 -l4
[2.745s] Invoked command in '/f1tenth_ws/build/teleop_tools' returned '0': AMENT_PREFIX_PATH=/f1tenth_ws/install/joy_teleop:/f1tenth_ws/install/teleop_tools_msgs:/f1tenth_ws/install/key_teleop:${AMENT_PREFIX_PATH} CMAKE_PREFIX_PATH=/f1tenth_ws/install/teleop_tools_msgs:/opt/ros/foxy LD_LIBRARY_PATH=/f1tenth_ws/install/teleop_tools_msgs/lib:/opt/ros/foxy/opt/yaml_cpp_vendor/lib:/opt/ros/foxy/opt/rviz_ogre_vendor/lib:/opt/ros/foxy/lib/aarch64-linux-gnu:/opt/ros/foxy/lib:/usr/local/cuda-10.2/targets/aarch64-linux/lib PYTHONPATH=/f1tenth_ws/install/joy_teleop/lib/python3.8/site-packages:/f1tenth_ws/install/teleop_tools_msgs/lib/python3.8/site-packages:/f1tenth_ws/install/key_teleop/lib/python3.8/site-packages:${PYTHONPATH} /usr/bin/cmake --build /f1tenth_ws/build/teleop_tools -- -j4 -l4
[2.860s] Invoking command in '/f1tenth_ws/build/teleop_tools': AMENT_PREFIX_PATH=/f1tenth_ws/install/joy_teleop:/f1tenth_ws/install/teleop_tools_msgs:/f1tenth_ws/install/key_teleop:${AMENT_PREFIX_PATH} CMAKE_PREFIX_PATH=/f1tenth_ws/install/teleop_tools_msgs:/opt/ros/foxy LD_LIBRARY_PATH=/f1tenth_ws/install/teleop_tools_msgs/lib:/opt/ros/foxy/opt/yaml_cpp_vendor/lib:/opt/ros/foxy/opt/rviz_ogre_vendor/lib:/opt/ros/foxy/lib/aarch64-linux-gnu:/opt/ros/foxy/lib:/usr/local/cuda-10.2/targets/aarch64-linux/lib PYTHONPATH=/f1tenth_ws/install/joy_teleop/lib/python3.8/site-packages:/f1tenth_ws/install/teleop_tools_msgs/lib/python3.8/site-packages:/f1tenth_ws/install/key_teleop/lib/python3.8/site-packages:${PYTHONPATH} /usr/bin/cmake --install /f1tenth_ws/build/teleop_tools
[2.907s] -- Install configuration: ""
[2.908s] -- Installing: /f1tenth_ws/install/teleop_tools/share/ament_index/resource_index/package_run_dependencies/teleop_tools
[2.909s] -- Installing: /f1tenth_ws/install/teleop_tools/share/ament_index/resource_index/parent_prefix_path/teleop_tools
[2.909s] -- Installing: /f1tenth_ws/install/teleop_tools/share/teleop_tools/environment/ament_prefix_path.sh
[2.911s] -- Installing: /f1tenth_ws/install/teleop_tools/share/teleop_tools/environment/ament_prefix_path.dsv
[2.911s] -- Installing: /f1tenth_ws/install/teleop_tools/share/teleop_tools/environment/path.sh
[2.912s] -- Installing: /f1tenth_ws/install/teleop_tools/share/teleop_tools/environment/path.dsv
[2.913s] -- Installing: /f1tenth_ws/install/teleop_tools/share/teleop_tools/local_setup.bash
[2.914s] -- Installing: /f1tenth_ws/install/teleop_tools/share/teleop_tools/local_setup.sh
[2.917s] -- Installing: /f1tenth_ws/install/teleop_tools/share/teleop_tools/local_setup.zsh
[2.919s] -- Installing: /f1tenth_ws/install/teleop_tools/share/teleop_tools/local_setup.dsv
[2.920s] -- Installing: /f1tenth_ws/install/teleop_tools/share/teleop_tools/package.dsv
[2.921s] -- Installing: /f1tenth_ws/install/teleop_tools/share/ament_index/resource_index/packages/teleop_tools
[2.921s] -- Installing: /f1tenth_ws/install/teleop_tools/share/teleop_tools/cmake/teleop_toolsConfig.cmake
[2.921s] -- Installing: /f1tenth_ws/install/teleop_tools/share/teleop_tools/cmake/teleop_toolsConfig-version.cmake
[2.922s] -- Installing: /f1tenth_ws/install/teleop_tools/share/teleop_tools/package.xml
[2.945s] Invoked command in '/f1tenth_ws/build/teleop_tools' returned '0': AMENT_PREFIX_PATH=/f1tenth_ws/install/joy_teleop:/f1tenth_ws/install/teleop_tools_msgs:/f1tenth_ws/install/key_teleop:${AMENT_PREFIX_PATH} CMAKE_PREFIX_PATH=/f1tenth_ws/install/teleop_tools_msgs:/opt/ros/foxy LD_LIBRARY_PATH=/f1tenth_ws/install/teleop_tools_msgs/lib:/opt/ros/foxy/opt/yaml_cpp_vendor/lib:/opt/ros/foxy/opt/rviz_ogre_vendor/lib:/opt/ros/foxy/lib/aarch64-linux-gnu:/opt/ros/foxy/lib:/usr/local/cuda-10.2/targets/aarch64-linux/lib PYTHONPATH=/f1tenth_ws/install/joy_teleop/lib/python3.8/site-packages:/f1tenth_ws/install/teleop_tools_msgs/lib/python3.8/site-packages:/f1tenth_ws/install/key_teleop/lib/python3.8/site-packages:${PYTHONPATH} /usr/bin/cmake --install /f1tenth_ws/build/teleop_tools
